INFO 2025-03-20 13:40:45,809 autoreload Watching for file changes with StatReloader
INFO 2025-03-20 13:40:54,216 basehttp "GET /admin/home/order/7/change/ HTTP/1.1" 200 17143
INFO 2025-03-20 13:40:54,252 basehttp "GET /admin/jsi18n/ HTTP/1.1" 200 3342
WARNING 2025-03-20 13:40:54,285 log Not Found: /favicon.ico
WARNING 2025-03-20 13:40:54,285 basehttp "GET /favicon.ico HTTP/1.1" 404 3300
INFO 2025-03-20 13:40:54,285 basehttp - Broken pipe from ('127.0.0.1', 51721)
WARNING 2025-03-20 14:22:02,036 log Not Found: /lky8/webhook/check-payment-status/
WARNING 2025-03-20 14:23:14,974 log Not Found: /lky8/webhook/check-payment-status/
WARNING 2025-03-20 14:24:34,614 log Not Found: /lky8/webhook/check-payment-status/
WARNING 2025-03-20 14:25:41,389 log Not Found: /lky8/webhook/check-payment-status/
WARNING 2025-03-20 14:26:52,704 log Not Found: /lky8/webhook/check-payment-status/
WARNING 2025-03-20 14:28:05,224 log Not Found: /lky8/webhook/check-payment-status/
WARNING 2025-03-20 14:29:05,589 log Not Found: /lky8/webhook/check-payment-status/
WARNING 2025-03-20 14:30:56,636 log Not Found: /lky8/webhook/check-payment-status/
WARNING 2025-03-20 14:32:03,944 log Not Found: /lky8/webhook/check-payment-status/
WARNING 2025-03-20 14:33:10,311 log Not Found: /lky8/webhook/check-payment-status/
WARNING 2025-03-20 14:33:36,064 log Not Found: /lky8/webhook/check-payment-status/
WARNING 2025-03-20 14:34:43,936 log Not Found: /lky8/webhook/check-payment-status/
WARNING 2025-03-20 14:35:04,790 log Not Found: /lky8/webhook/check-payment-status/
WARNING 2025-03-20 14:36:44,821 log Not Found: /lky8/webhook/check-payment-status/
WARNING 2025-03-20 14:37:03,008 log Not Found: /lky8/webhook/check-payment-status/
WARNING 2025-03-20 14:38:15,640 log Not Found: /lky8/webhook/check-payment-status/
WARNING 2025-03-20 14:38:36,309 log Not Found: /lky8/webhook/check-payment-status/
WARNING 2025-03-20 14:40:11,572 log Not Found: /lky8/webhook/check-payment-status/
WARNING 2025-03-20 14:41:50,322 log Not Found: /lky8/webhook/check-payment-status/
WARNING 2025-03-20 14:43:27,776 log Not Found: /lky8/webhook/check-payment-status/
WARNING 2025-03-20 14:44:53,235 log Not Found: /lky8/webhook/check-payment-status/
WARNING 2025-03-20 14:46:46,081 log Not Found: /lky8/webhook/check-payment-status/
WARNING 2025-03-20 14:59:43,027 log Not Found: /.env
WARNING 2025-03-20 15:02:38,418 log Not Found: /
WARNING 2025-03-20 15:07:32,821 log Not Found: /
WARNING 2025-03-20 15:07:32,947 log Not Found: /
WARNING 2025-03-20 15:12:05,834 log Method Not Allowed: /create-order/
WARNING 2025-03-20 15:14:27,911 log Not Found: /
INFO 2025-03-20 15:27:32,092 autoreload Watching for file changes with StatReloader
WARNING 2025-03-20 15:29:32,664 log Bad Request: /lky8/webhook/check-payment-status/
WARNING 2025-03-20 15:29:32,665 basehttp "POST /lky8/webhook/check-payment-status/ HTTP/1.1" 400 30
INFO 2025-03-20 15:29:45,865 autoreload /Users/tushaaaarr/Desktop/LKY8/backend/home/views.py changed, reloading.
INFO 2025-03-20 15:29:46,287 autoreload Watching for file changes with StatReloader
INFO 2025-03-20 15:29:49,487 basehttp "POST /lky8/webhook/check-payment-status/ HTTP/1.1" 200 17
INFO 2025-03-20 15:30:12,089 basehttp "GET /admin/ HTTP/1.1" 200 8465
WARNING 2025-03-20 15:30:12,208 log Not Found: /favicon.ico
INFO 2025-03-20 15:30:12,208 basehttp - Broken pipe from ('127.0.0.1', 56065)
INFO 2025-03-20 15:30:14,387 basehttp "GET /admin/home/cryptopayment/ HTTP/1.1" 200 16161
INFO 2025-03-20 15:30:14,416 basehttp "GET /admin/jsi18n/ HTTP/1.1" 200 3342
INFO 2025-03-20 15:30:17,121 basehttp "GET /admin/home/cryptopayment/14/change/ HTTP/1.1" 200 24916
INFO 2025-03-20 15:30:17,155 basehttp "GET /admin/jsi18n/ HTTP/1.1" 200 3342
INFO 2025-03-20 15:30:17,170 basehttp "GET /static/admin/css/widgets.css HTTP/1.1" 200 11564
INFO 2025-03-20 15:30:17,170 basehttp - Broken pipe from ('127.0.0.1', 56067)
INFO 2025-03-20 15:31:05,199 autoreload /Users/tushaaaarr/Desktop/LKY8/backend/home/views.py changed, reloading.
INFO 2025-03-20 15:31:05,597 autoreload Watching for file changes with StatReloader
INFO 2025-03-20 15:31:13,016 autoreload /Users/tushaaaarr/Desktop/LKY8/backend/home/views.py changed, reloading.
INFO 2025-03-20 15:31:13,345 autoreload Watching for file changes with StatReloader
INFO 2025-03-21 11:30:21,830 autoreload Watching for file changes with StatReloader
INFO 2025-03-21 11:32:23,109 basehttp "OPTIONS /orders/ HTTP/1.1" 200 0
INFO 2025-03-21 11:32:23,110 basehttp "OPTIONS /orders/ HTTP/1.1" 200 0
WARNING 2025-03-21 11:32:23,114 log Bad Request: /orders/
WARNING 2025-03-21 11:32:23,115 log Bad Request: /orders/
WARNING 2025-03-21 11:32:23,116 basehttp "POST /orders/ HTTP/1.1" 400 32
WARNING 2025-03-21 11:32:23,117 basehttp "POST /orders/ HTTP/1.1" 400 32
WARNING 2025-03-21 11:32:35,272 log Bad Request: /orders/
WARNING 2025-03-21 11:32:35,274 log Bad Request: /orders/
WARNING 2025-03-21 11:32:35,276 basehttp "POST /orders/ HTTP/1.1" 400 32
WARNING 2025-03-21 11:32:35,276 basehttp "POST /orders/ HTTP/1.1" 400 32
WARNING 2025-03-21 11:32:45,163 log Method Not Allowed: /orders/
WARNING 2025-03-21 11:32:45,163 basehttp "GET /orders/ HTTP/1.1" 405 5588
INFO 2025-03-21 11:32:45,198 basehttp "GET /static/rest_framework/js/ajax-form.js HTTP/1.1" 200 3796
INFO 2025-03-21 11:32:45,200 basehttp "GET /static/rest_framework/css/bootstrap-tweaks.css HTTP/1.1" 200 3426
INFO 2025-03-21 11:32:45,201 basehttp "GET /static/rest_framework/js/load-ajax-form.js HTTP/1.1" 200 59
INFO 2025-03-21 11:32:45,201 basehttp "GET /static/rest_framework/css/prettify.css HTTP/1.1" 200 817
INFO 2025-03-21 11:32:45,202 basehttp "GET /static/rest_framework/css/default.css HTTP/1.1" 200 1152
INFO 2025-03-21 11:32:45,203 basehttp "GET /static/rest_framework/js/csrf.js HTTP/1.1" 200 1793
INFO 2025-03-21 11:32:45,204 basehttp "GET /static/rest_framework/js/prettify-min.js HTTP/1.1" 200 13632
INFO 2025-03-21 11:32:45,204 basehttp "GET /static/rest_framework/js/jquery-3.7.1.min.js HTTP/1.1" 200 87533
INFO 2025-03-21 11:32:45,205 basehttp "GET /static/rest_framework/js/default.js HTTP/1.1" 200 1268
INFO 2025-03-21 11:32:45,205 basehttp "GET /static/rest_framework/js/bootstrap.min.js HTTP/1.1" 200 39680
INFO 2025-03-21 11:32:45,206 basehttp "GET /static/rest_framework/css/bootstrap.min.css HTTP/1.1" 200 121457
INFO 2025-03-21 11:32:45,335 basehttp "GET /static/rest_framework/img/grid.png HTTP/1.1" 200 1458
WARNING 2025-03-21 11:32:45,397 log Not Found: /favicon.ico
WARNING 2025-03-21 11:32:45,398 basehttp "GET /favicon.ico HTTP/1.1" 404 3300
INFO 2025-03-21 11:33:54,659 basehttp "OPTIONS /create-order/ HTTP/1.1" 200 0
INFO 2025-03-21 11:33:56,687 basehttp "POST /create-order/ HTTP/1.1" 201 1294
INFO 2025-03-21 11:33:56,714 basehttp "POST /orders/ HTTP/1.1" 200 819
WARNING 2025-03-21 11:39:15,363 log Bad Request: /orders/
WARNING 2025-03-21 11:39:15,364 log Bad Request: /orders/
WARNING 2025-03-21 11:39:15,365 basehttp "POST /orders/ HTTP/1.1" 400 32
WARNING 2025-03-21 11:39:15,365 basehttp "POST /orders/ HTTP/1.1" 400 32
WARNING 2025-03-21 11:39:18,713 log Bad Request: /orders/
WARNING 2025-03-21 11:39:18,713 log Bad Request: /orders/
WARNING 2025-03-21 11:39:18,714 basehttp "POST /orders/ HTTP/1.1" 400 32
WARNING 2025-03-21 11:39:18,714 basehttp "POST /orders/ HTTP/1.1" 400 32
INFO 2025-03-21 11:39:38,189 basehttp "POST /create-order/ HTTP/1.1" 201 2095
INFO 2025-03-21 11:39:38,215 basehttp "POST /orders/ HTTP/1.1" 200 816
WARNING 2025-03-21 11:40:54,137 log Bad Request: /orders/
WARNING 2025-03-21 11:40:54,138 log Bad Request: /orders/
WARNING 2025-03-21 11:40:54,140 basehttp "POST /orders/ HTTP/1.1" 400 32
WARNING 2025-03-21 11:40:54,140 basehttp "POST /orders/ HTTP/1.1" 400 32
WARNING 2025-03-21 11:41:00,160 log Bad Request: /orders/
WARNING 2025-03-21 11:41:00,160 basehttp "POST /orders/ HTTP/1.1" 400 32
WARNING 2025-03-21 11:41:00,161 log Bad Request: /orders/
WARNING 2025-03-21 11:41:00,162 basehttp "POST /orders/ HTTP/1.1" 400 32
INFO 2025-03-21 11:41:19,035 basehttp - Broken pipe from ('127.0.0.1', 64004)
INFO 2025-03-21 11:41:37,892 basehttp - Broken pipe from ('127.0.0.1', 64110)
INFO 2025-03-21 11:41:38,992 basehttp - Broken pipe from ('127.0.0.1', 64123)
INFO 2025-03-21 11:41:39,735 basehttp - Broken pipe from ('127.0.0.1', 64124)
INFO 2025-03-21 11:42:18,748 basehttp "GET /packages/ HTTP/1.1" 200 924
WARNING 2025-03-21 11:42:18,876 log Bad Request: /orders/
WARNING 2025-03-21 11:42:18,880 log Bad Request: /orders/
WARNING 2025-03-21 11:42:18,881 basehttp "POST /orders/ HTTP/1.1" 400 32
WARNING 2025-03-21 11:42:18,881 basehttp "POST /orders/ HTTP/1.1" 400 32
INFO 2025-03-21 11:42:22,172 basehttp "GET /packages/ HTTP/1.1" 200 924
INFO 2025-03-21 12:00:06,081 autoreload /Users/tushaaaarr/Desktop/LKY8/backend/LKY/settings.py changed, reloading.
INFO 2025-03-21 12:00:06,614 autoreload Watching for file changes with StatReloader
INFO 2025-03-21 12:00:47,912 autoreload /Users/tushaaaarr/Desktop/LKY8/backend/home/views.py changed, reloading.
INFO 2025-03-21 12:00:48,329 autoreload Watching for file changes with StatReloader
INFO 2025-03-21 12:00:49,603 autoreload /Users/tushaaaarr/Desktop/LKY8/backend/home/views.py changed, reloading.
INFO 2025-03-21 12:00:49,847 autoreload Watching for file changes with StatReloader
INFO 2025-03-21 12:01:00,336 autoreload /Users/tushaaaarr/Desktop/LKY8/backend/home/views.py changed, reloading.
INFO 2025-03-21 12:01:00,679 autoreload Watching for file changes with StatReloader
INFO 2025-03-21 12:01:26,567 autoreload /Users/tushaaaarr/Desktop/LKY8/backend/LKY/settings.py changed, reloading.
INFO 2025-03-21 12:01:26,919 autoreload Watching for file changes with StatReloader
INFO 2025-03-21 14:20:00,934 autoreload Watching for file changes with StatReloader
INFO 2025-03-21 14:20:04,659 basehttp "GET /admin/ HTTP/1.1" 302 0
INFO 2025-03-21 14:20:04,683 basehttp "GET /admin/login/?next=/admin/ HTTP/1.1" 200 4160
INFO 2025-03-21 14:20:10,048 basehttp "POST /admin/login/?next=/admin/ HTTP/1.1" 302 0
INFO 2025-03-21 14:20:10,068 basehttp "GET /admin/ HTTP/1.1" 200 8465
INFO 2025-03-21 14:20:12,023 basehttp "GET /admin/home/package/ HTTP/1.1" 200 10953
INFO 2025-03-21 14:20:12,067 basehttp "GET /admin/jsi18n/ HTTP/1.1" 200 3342
INFO 2025-03-21 14:20:15,565 basehttp "POST /admin/home/package/ HTTP/1.1" 200 14510
INFO 2025-03-21 14:20:17,683 basehttp "POST /admin/home/package/ HTTP/1.1" 302 0
INFO 2025-03-21 14:20:17,702 basehttp "GET /admin/home/package/ HTTP/1.1" 200 9212
INFO 2025-03-21 14:20:17,732 basehttp "GET /admin/jsi18n/ HTTP/1.1" 200 3342
INFO 2025-03-21 14:20:17,766 basehttp "GET /static/admin/img/icon-yes.svg HTTP/1.1" 200 436
INFO 2025-03-21 14:20:34,687 autoreload Watching for file changes with StatReloader
INFO 2025-03-21 14:21:39,249 basehttp "GET /admin/home/package/ HTTP/1.1" 200 10953
INFO 2025-03-21 14:21:39,293 basehttp "GET /admin/jsi18n/ HTTP/1.1" 200 3342
WARNING 2025-03-21 14:21:39,337 log Not Found: /favicon.ico
WARNING 2025-03-21 14:21:39,338 basehttp "GET /favicon.ico HTTP/1.1" 404 3300
INFO 2025-03-21 14:21:39,338 basehttp - Broken pipe from ('127.0.0.1', 56219)
INFO 2025-03-21 14:21:40,445 basehttp "GET /admin/home/package/6/change/ HTTP/1.1" 200 15967
INFO 2025-03-21 14:21:40,486 basehttp "GET /admin/jsi18n/ HTTP/1.1" 200 3342
INFO 2025-03-21 14:21:40,492 basehttp "GET /static/admin/css/forms.css HTTP/1.1" 200 8794
INFO 2025-03-21 14:21:42,635 basehttp "GET /admin/home/package/ HTTP/1.1" 200 10953
INFO 2025-03-21 14:21:43,585 basehttp "GET /admin/home/package/5/change/ HTTP/1.1" 200 15974
INFO 2025-03-21 14:21:43,618 basehttp "GET /static/admin/css/forms.css HTTP/1.1" 200 8794
INFO 2025-03-21 14:21:43,620 basehttp "GET /admin/jsi18n/ HTTP/1.1" 200 3342
INFO 2025-03-21 14:22:36,077 basehttp "GET /admin/home/package/5/change/ HTTP/1.1" 200 15974
INFO 2025-03-21 14:22:36,109 basehttp "GET /static/admin/css/forms.css HTTP/1.1" 200 8794
INFO 2025-03-21 14:22:36,112 basehttp "GET /admin/jsi18n/ HTTP/1.1" 200 3342
WARNING 2025-03-21 14:22:36,148 log Not Found: /favicon.ico
INFO 2025-03-21 14:22:36,148 basehttp - Broken pipe from ('127.0.0.1', 56224)
WARNING 2025-03-21 14:22:42,751 log Not Found: /
WARNING 2025-03-21 14:22:42,752 basehttp "GET / HTTP/1.1" 404 3249
WARNING 2025-03-21 14:22:42,800 log Not Found: /favicon.ico
WARNING 2025-03-21 14:22:42,800 basehttp "GET /favicon.ico HTTP/1.1" 404 3300
INFO 2025-03-21 14:22:49,853 basehttp "GET /packages/ HTTP/1.1" 200 7014
INFO 2025-03-21 14:24:01,409 basehttp "GET /packages/ HTTP/1.1" 200 7012
INFO 2025-03-21 14:25:51,873 autoreload /Users/tushaaaarr/Desktop/LKY8/backend/home/views.py changed, reloading.
INFO 2025-03-21 14:25:52,356 autoreload Watching for file changes with StatReloader
INFO 2025-03-21 14:26:05,391 basehttp "GET /packages/ HTTP/1.1" 200 7014
